[0.460s] Invoking command in '/media/entropy/Development/mt10_control': PYTHONPATH=/media/entropy/Development/mt10_control/build/mt10_control/prefix_override:/home/entropy/.local/lib/python3.10/site-packages/colcon_core/task/python/colcon_distutils_commands:/media/entropy/Development/mt10_control/install/mt10_control/lib/python3.10/site-packages:${PYTHONPATH} /usr/bin/python3 -W ignore:setup.py install is deprecated -W ignore:easy_install command is deprecated setup.py egg_info --egg-base build/mt10_control build --build-base /media/entropy/Development/mt10_control/build/mt10_control/build install --record /media/entropy/Development/mt10_control/build/mt10_control/install.log --single-version-externally-managed install_data
[0.645s] running egg_info
[0.645s] creating build/mt10_control/mt10_control.egg-info
[0.645s] writing build/mt10_control/mt10_control.egg-info/PKG-INFO
[0.646s] writing dependency_links to build/mt10_control/mt10_control.egg-info/dependency_links.txt
[0.646s] writing entry points to build/mt10_control/mt10_control.egg-info/entry_points.txt
[0.646s] writing requirements to build/mt10_control/mt10_control.egg-info/requires.txt
[0.646s] writing top-level names to build/mt10_control/mt10_control.egg-info/top_level.txt
[0.646s] writing manifest file 'build/mt10_control/mt10_control.egg-info/SOURCES.txt'
[0.650s] reading manifest file 'build/mt10_control/mt10_control.egg-info/SOURCES.txt'
[0.650s] adding license file 'LICENSE'
[0.652s] writing manifest file 'build/mt10_control/mt10_control.egg-info/SOURCES.txt'
[0.652s] running build
[0.652s] running build_py
[0.652s] creating /media/entropy/Development/mt10_control/build/mt10_control/build
[0.652s] creating /media/entropy/Development/mt10_control/build/mt10_control/build/lib
[0.653s] creating /media/entropy/Development/mt10_control/build/mt10_control/build/lib/mt10_control
[0.653s] copying mt10_control/arcuo_tracker.py -> /media/entropy/Development/mt10_control/build/mt10_control/build/lib/mt10_control
[0.654s] copying mt10_control/aruco_follower.py -> /media/entropy/Development/mt10_control/build/mt10_control/build/lib/mt10_control
[0.654s] copying mt10_control/aruco_follower_with_search.py -> /media/entropy/Development/mt10_control/build/mt10_control/build/lib/mt10_control
[0.655s] copying mt10_control/aruco_tracker.py -> /media/entropy/Development/mt10_control/build/mt10_control/build/lib/mt10_control
[0.655s] copying mt10_control/ar_fixed.py -> /media/entropy/Development/mt10_control/build/mt10_control/build/lib/mt10_control
[0.656s] copying mt10_control/ar_with_new_logic.py -> /media/entropy/Development/mt10_control/build/mt10_control/build/lib/mt10_control
[0.656s] copying mt10_control/autonomous_v1.py -> /media/entropy/Development/mt10_control/build/mt10_control/build/lib/mt10_control
[0.657s] copying mt10_control/autonomous_v2.py -> /media/entropy/Development/mt10_control/build/mt10_control/build/lib/mt10_control
[0.657s] copying mt10_control/autonomous_v3.py -> /media/entropy/Development/mt10_control/build/mt10_control/build/lib/mt10_control
[0.658s] copying mt10_control/auto_v1.py -> /media/entropy/Development/mt10_control/build/mt10_control/build/lib/mt10_control
[0.659s] copying mt10_control/bottle_detect.py -> /media/entropy/Development/mt10_control/build/mt10_control/build/lib/mt10_control
[0.659s] copying mt10_control/diff_drive.py -> /media/entropy/Development/mt10_control/build/mt10_control/build/lib/mt10_control
[0.660s] copying mt10_control/dummy_sbg.py -> /media/entropy/Development/mt10_control/build/mt10_control/build/lib/mt10_control
[0.660s] copying mt10_control/gps_pub.py -> /media/entropy/Development/mt10_control/build/mt10_control/build/lib/mt10_control
[0.661s] copying mt10_control/imu_phone_data.py -> /media/entropy/Development/mt10_control/build/mt10_control/build/lib/mt10_control
[0.662s] copying mt10_control/joy_node.py -> /media/entropy/Development/mt10_control/build/mt10_control/build/lib/mt10_control
[0.662s] copying mt10_control/joy_node_jesan.py -> /media/entropy/Development/mt10_control/build/mt10_control/build/lib/mt10_control
[0.663s] copying mt10_control/mallet_detect.py -> /media/entropy/Development/mt10_control/build/mt10_control/build/lib/mt10_control
[0.664s] copying mt10_control/point_follow.py -> /media/entropy/Development/mt10_control/build/mt10_control/build/lib/mt10_control
[0.664s] copying mt10_control/prev_auto.py -> /media/entropy/Development/mt10_control/build/mt10_control/build/lib/mt10_control
[0.665s] copying mt10_control/serial_control.py -> /media/entropy/Development/mt10_control/build/mt10_control/build/lib/mt10_control
[0.665s] copying mt10_control/smth.py -> /media/entropy/Development/mt10_control/build/mt10_control/build/lib/mt10_control
[0.666s] copying mt10_control/test.py -> /media/entropy/Development/mt10_control/build/mt10_control/build/lib/mt10_control
[0.666s] copying mt10_control/test_heading.py -> /media/entropy/Development/mt10_control/build/mt10_control/build/lib/mt10_control
[0.667s] copying mt10_control/__init__.py -> /media/entropy/Development/mt10_control/build/mt10_control/build/lib/mt10_control
[0.667s] running install
[0.668s] running install_lib
[0.669s] creating /media/entropy/Development/mt10_control/install/mt10_control/lib/python3.10/site-packages/mt10_control
[0.669s] copying /media/entropy/Development/mt10_control/build/mt10_control/build/lib/mt10_control/arcuo_tracker.py -> /media/entropy/Development/mt10_control/install/mt10_control/lib/python3.10/site-packages/mt10_control
[0.669s] copying /media/entropy/Development/mt10_control/build/mt10_control/build/lib/mt10_control/aruco_follower.py -> /media/entropy/Development/mt10_control/install/mt10_control/lib/python3.10/site-packages/mt10_control
[0.670s] copying /media/entropy/Development/mt10_control/build/mt10_control/build/lib/mt10_control/aruco_follower_with_search.py -> /media/entropy/Development/mt10_control/install/mt10_control/lib/python3.10/site-packages/mt10_control
[0.670s] copying /media/entropy/Development/mt10_control/build/mt10_control/build/lib/mt10_control/aruco_tracker.py -> /media/entropy/Development/mt10_control/install/mt10_control/lib/python3.10/site-packages/mt10_control
[0.671s] copying /media/entropy/Development/mt10_control/build/mt10_control/build/lib/mt10_control/ar_fixed.py -> /media/entropy/Development/mt10_control/install/mt10_control/lib/python3.10/site-packages/mt10_control
[0.672s] copying /media/entropy/Development/mt10_control/build/mt10_control/build/lib/mt10_control/ar_with_new_logic.py -> /media/entropy/Development/mt10_control/install/mt10_control/lib/python3.10/site-packages/mt10_control
[0.672s] copying /media/entropy/Development/mt10_control/build/mt10_control/build/lib/mt10_control/autonomous_v1.py -> /media/entropy/Development/mt10_control/install/mt10_control/lib/python3.10/site-packages/mt10_control
[0.673s] copying /media/entropy/Development/mt10_control/build/mt10_control/build/lib/mt10_control/autonomous_v2.py -> /media/entropy/Development/mt10_control/install/mt10_control/lib/python3.10/site-packages/mt10_control
[0.673s] copying /media/entropy/Development/mt10_control/build/mt10_control/build/lib/mt10_control/autonomous_v3.py -> /media/entropy/Development/mt10_control/install/mt10_control/lib/python3.10/site-packages/mt10_control
[0.674s] copying /media/entropy/Development/mt10_control/build/mt10_control/build/lib/mt10_control/auto_v1.py -> /media/entropy/Development/mt10_control/install/mt10_control/lib/python3.10/site-packages/mt10_control
[0.674s] copying /media/entropy/Development/mt10_control/build/mt10_control/build/lib/mt10_control/bottle_detect.py -> /media/entropy/Development/mt10_control/install/mt10_control/lib/python3.10/site-packages/mt10_control
[0.675s] copying /media/entropy/Development/mt10_control/build/mt10_control/build/lib/mt10_control/diff_drive.py -> /media/entropy/Development/mt10_control/install/mt10_control/lib/python3.10/site-packages/mt10_control
[0.675s] copying /media/entropy/Development/mt10_control/build/mt10_control/build/lib/mt10_control/dummy_sbg.py -> /media/entropy/Development/mt10_control/install/mt10_control/lib/python3.10/site-packages/mt10_control
[0.676s] copying /media/entropy/Development/mt10_control/build/mt10_control/build/lib/mt10_control/gps_pub.py -> /media/entropy/Development/mt10_control/install/mt10_control/lib/python3.10/site-packages/mt10_control
[0.676s] copying /media/entropy/Development/mt10_control/build/mt10_control/build/lib/mt10_control/imu_phone_data.py -> /media/entropy/Development/mt10_control/install/mt10_control/lib/python3.10/site-packages/mt10_control
[0.677s] copying /media/entropy/Development/mt10_control/build/mt10_control/build/lib/mt10_control/joy_node.py -> /media/entropy/Development/mt10_control/install/mt10_control/lib/python3.10/site-packages/mt10_control
[0.679s] copying /media/entropy/Development/mt10_control/build/mt10_control/build/lib/mt10_control/joy_node_jesan.py -> /media/entropy/Development/mt10_control/install/mt10_control/lib/python3.10/site-packages/mt10_control
[0.679s] copying /media/entropy/Development/mt10_control/build/mt10_control/build/lib/mt10_control/mallet_detect.py -> /media/entropy/Development/mt10_control/install/mt10_control/lib/python3.10/site-packages/mt10_control
[0.680s] copying /media/entropy/Development/mt10_control/build/mt10_control/build/lib/mt10_control/point_follow.py -> /media/entropy/Development/mt10_control/install/mt10_control/lib/python3.10/site-packages/mt10_control
[0.680s] copying /media/entropy/Development/mt10_control/build/mt10_control/build/lib/mt10_control/prev_auto.py -> /media/entropy/Development/mt10_control/install/mt10_control/lib/python3.10/site-packages/mt10_control
[0.681s] copying /media/entropy/Development/mt10_control/build/mt10_control/build/lib/mt10_control/serial_control.py -> /media/entropy/Development/mt10_control/install/mt10_control/lib/python3.10/site-packages/mt10_control
[0.681s] copying /media/entropy/Development/mt10_control/build/mt10_control/build/lib/mt10_control/smth.py -> /media/entropy/Development/mt10_control/install/mt10_control/lib/python3.10/site-packages/mt10_control
[0.682s] copying /media/entropy/Development/mt10_control/build/mt10_control/build/lib/mt10_control/test.py -> /media/entropy/Development/mt10_control/install/mt10_control/lib/python3.10/site-packages/mt10_control
[0.682s] copying /media/entropy/Development/mt10_control/build/mt10_control/build/lib/mt10_control/test_heading.py -> /media/entropy/Development/mt10_control/install/mt10_control/lib/python3.10/site-packages/mt10_control
[0.683s] copying /media/entropy/Development/mt10_control/build/mt10_control/build/lib/mt10_control/__init__.py -> /media/entropy/Development/mt10_control/install/mt10_control/lib/python3.10/site-packages/mt10_control
[0.684s] byte-compiling /media/entropy/Development/mt10_control/install/mt10_control/lib/python3.10/site-packages/mt10_control/arcuo_tracker.py to arcuo_tracker.cpython-310.pyc
[0.685s] byte-compiling /media/entropy/Development/mt10_control/install/mt10_control/lib/python3.10/site-packages/mt10_control/aruco_follower.py to aruco_follower.cpython-310.pyc
[0.687s] byte-compiling /media/entropy/Development/mt10_control/install/mt10_control/lib/python3.10/site-packages/mt10_control/aruco_follower_with_search.py to aruco_follower_with_search.cpython-310.pyc
[0.689s] byte-compiling /media/entropy/Development/mt10_control/install/mt10_control/lib/python3.10/site-packages/mt10_control/aruco_tracker.py to aruco_tracker.cpython-310.pyc
[0.690s] byte-compiling /media/entropy/Development/mt10_control/install/mt10_control/lib/python3.10/site-packages/mt10_control/ar_fixed.py to ar_fixed.cpython-310.pyc
[0.692s] byte-compiling /media/entropy/Development/mt10_control/install/mt10_control/lib/python3.10/site-packages/mt10_control/ar_with_new_logic.py to ar_with_new_logic.cpython-310.pyc
[0.694s] byte-compiling /media/entropy/Development/mt10_control/install/mt10_control/lib/python3.10/site-packages/mt10_control/autonomous_v1.py to autonomous_v1.cpython-310.pyc
[0.696s] byte-compiling /media/entropy/Development/mt10_control/install/mt10_control/lib/python3.10/site-packages/mt10_control/autonomous_v2.py to autonomous_v2.cpython-310.pyc
[0.697s] byte-compiling /media/entropy/Development/mt10_control/install/mt10_control/lib/python3.10/site-packages/mt10_control/autonomous_v3.py to autonomous_v3.cpython-310.pyc
[0.699s] byte-compiling /media/entropy/Development/mt10_control/install/mt10_control/lib/python3.10/site-packages/mt10_control/auto_v1.py to auto_v1.cpython-310.pyc
[0.701s] byte-compiling /media/entropy/Development/mt10_control/install/mt10_control/lib/python3.10/site-packages/mt10_control/bottle_detect.py to bottle_detect.cpython-310.pyc
[0.703s] byte-compiling /media/entropy/Development/mt10_control/install/mt10_control/lib/python3.10/site-packages/mt10_control/diff_drive.py to diff_drive.cpython-310.pyc
[0.704s] byte-compiling /media/entropy/Development/mt10_control/install/mt10_control/lib/python3.10/site-packages/mt10_control/dummy_sbg.py to dummy_sbg.cpython-310.pyc
[0.705s] byte-compiling /media/entropy/Development/mt10_control/install/mt10_control/lib/python3.10/site-packages/mt10_control/gps_pub.py to gps_pub.cpython-310.pyc
[0.706s] byte-compiling /media/entropy/Development/mt10_control/install/mt10_control/lib/python3.10/site-packages/mt10_control/imu_phone_data.py to imu_phone_data.cpython-310.pyc
[0.707s] byte-compiling /media/entropy/Development/mt10_control/install/mt10_control/lib/python3.10/site-packages/mt10_control/joy_node.py to joy_node.cpython-310.pyc
[0.708s] byte-compiling /media/entropy/Development/mt10_control/install/mt10_control/lib/python3.10/site-packages/mt10_control/joy_node_jesan.py to joy_node_jesan.cpython-310.pyc
[0.709s] byte-compiling /media/entropy/Development/mt10_control/install/mt10_control/lib/python3.10/site-packages/mt10_control/mallet_detect.py to mallet_detect.cpython-310.pyc
[0.712s] byte-compiling /media/entropy/Development/mt10_control/install/mt10_control/lib/python3.10/site-packages/mt10_control/point_follow.py to point_follow.cpython-310.pyc
[0.713s] byte-compiling /media/entropy/Development/mt10_control/install/mt10_control/lib/python3.10/site-packages/mt10_control/prev_auto.py to prev_auto.cpython-310.pyc
[0.715s] byte-compiling /media/entropy/Development/mt10_control/install/mt10_control/lib/python3.10/site-packages/mt10_control/serial_control.py to serial_control.cpython-310.pyc
[0.715s] byte-compiling /media/entropy/Development/mt10_control/install/mt10_control/lib/python3.10/site-packages/mt10_control/smth.py to smth.cpython-310.pyc
[0.717s] byte-compiling /media/entropy/Development/mt10_control/install/mt10_control/lib/python3.10/site-packages/mt10_control/test.py to test.cpython-310.pyc
[0.718s] byte-compiling /media/entropy/Development/mt10_control/install/mt10_control/lib/python3.10/site-packages/mt10_control/test_heading.py to test_heading.cpython-310.pyc
[0.720s] byte-compiling /media/entropy/Development/mt10_control/install/mt10_control/lib/python3.10/site-packages/mt10_control/__init__.py to __init__.cpython-310.pyc
[0.721s] running install_data
[0.721s] creating /media/entropy/Development/mt10_control/install/mt10_control/share/ament_index
[0.721s] creating /media/entropy/Development/mt10_control/install/mt10_control/share/ament_index/resource_index
[0.721s] creating /media/entropy/Development/mt10_control/install/mt10_control/share/ament_index/resource_index/packages
[0.721s] copying resource/mt10_control -> /media/entropy/Development/mt10_control/install/mt10_control/share/ament_index/resource_index/packages
[0.722s] copying package.xml -> /media/entropy/Development/mt10_control/install/mt10_control/share/mt10_control
[0.722s] creating /media/entropy/Development/mt10_control/install/mt10_control/share/mt10_control/launch
[0.723s] copying launch/autonomous_launch.py -> /media/entropy/Development/mt10_control/install/mt10_control/share/mt10_control/launch
[0.723s] copying launch/mt_diffdrive_launch.py -> /media/entropy/Development/mt10_control/install/mt10_control/share/mt10_control/launch
[0.724s] copying launch/mt_sbg_launch.py -> /media/entropy/Development/mt10_control/install/mt10_control/share/mt10_control/launch
[0.724s] running install_egg_info
[0.726s] Copying build/mt10_control/mt10_control.egg-info to /media/entropy/Development/mt10_control/install/mt10_control/lib/python3.10/site-packages/mt10_control-0.0.0-py3.10.egg-info
[0.732s] running install_scripts
[0.748s] Installing aruco_new script to /media/entropy/Development/mt10_control/install/mt10_control/lib/mt10_control
[0.748s] Installing aruco_tracker script to /media/entropy/Development/mt10_control/install/mt10_control/lib/mt10_control
[0.748s] Installing autonomous script to /media/entropy/Development/mt10_control/install/mt10_control/lib/mt10_control
[0.749s] Installing bottle script to /media/entropy/Development/mt10_control/install/mt10_control/lib/mt10_control
[0.749s] Installing diff_drive script to /media/entropy/Development/mt10_control/install/mt10_control/lib/mt10_control
[0.749s] Installing dummy script to /media/entropy/Development/mt10_control/install/mt10_control/lib/mt10_control
[0.749s] Installing gps_pub script to /media/entropy/Development/mt10_control/install/mt10_control/lib/mt10_control
[0.750s] Installing gps_txt script to /media/entropy/Development/mt10_control/install/mt10_control/lib/mt10_control
[0.750s] Installing imu_phone script to /media/entropy/Development/mt10_control/install/mt10_control/lib/mt10_control
[0.750s] Installing joy_jesan script to /media/entropy/Development/mt10_control/install/mt10_control/lib/mt10_control
[0.751s] Installing joy_node script to /media/entropy/Development/mt10_control/install/mt10_control/lib/mt10_control
[0.751s] Installing mallet script to /media/entropy/Development/mt10_control/install/mt10_control/lib/mt10_control
[0.751s] Installing point_follower script to /media/entropy/Development/mt10_control/install/mt10_control/lib/mt10_control
[0.751s] writing list of installed files to '/media/entropy/Development/mt10_control/build/mt10_control/install.log'
[0.772s] Invoked command in '/media/entropy/Development/mt10_control' returned '0': PYTHONPATH=/media/entropy/Development/mt10_control/build/mt10_control/prefix_override:/home/entropy/.local/lib/python3.10/site-packages/colcon_core/task/python/colcon_distutils_commands:/media/entropy/Development/mt10_control/install/mt10_control/lib/python3.10/site-packages:${PYTHONPATH} /usr/bin/python3 -W ignore:setup.py install is deprecated -W ignore:easy_install command is deprecated setup.py egg_info --egg-base build/mt10_control build --build-base /media/entropy/Development/mt10_control/build/mt10_control/build install --record /media/entropy/Development/mt10_control/build/mt10_control/install.log --single-version-externally-managed install_data
