/media/entropy/Development/mt10_control/install/mt10_control/lib/python3.10/site-packages/mt10_control/arcuo_tracker.py
/media/entropy/Development/mt10_control/install/mt10_control/lib/python3.10/site-packages/mt10_control/aruco_follower.py
/media/entropy/Development/mt10_control/install/mt10_control/lib/python3.10/site-packages/mt10_control/aruco_follower_with_search.py
/media/entropy/Development/mt10_control/install/mt10_control/lib/python3.10/site-packages/mt10_control/aruco_tracker.py
/media/entropy/Development/mt10_control/install/mt10_control/lib/python3.10/site-packages/mt10_control/ar_fixed.py
/media/entropy/Development/mt10_control/install/mt10_control/lib/python3.10/site-packages/mt10_control/ar_with_new_logic.py
/media/entropy/Development/mt10_control/install/mt10_control/lib/python3.10/site-packages/mt10_control/autonomous_v1.py
/media/entropy/Development/mt10_control/install/mt10_control/lib/python3.10/site-packages/mt10_control/autonomous_v2.py
/media/entropy/Development/mt10_control/install/mt10_control/lib/python3.10/site-packages/mt10_control/autonomous_v3.py
/media/entropy/Development/mt10_control/install/mt10_control/lib/python3.10/site-packages/mt10_control/auto_v1.py
/media/entropy/Development/mt10_control/install/mt10_control/lib/python3.10/site-packages/mt10_control/bottle_detect.py
/media/entropy/Development/mt10_control/install/mt10_control/lib/python3.10/site-packages/mt10_control/diff_drive.py
/media/entropy/Development/mt10_control/install/mt10_control/lib/python3.10/site-packages/mt10_control/dummy_sbg.py
/media/entropy/Development/mt10_control/install/mt10_control/lib/python3.10/site-packages/mt10_control/gps_pub.py
/media/entropy/Development/mt10_control/install/mt10_control/lib/python3.10/site-packages/mt10_control/imu_phone_data.py
/media/entropy/Development/mt10_control/install/mt10_control/lib/python3.10/site-packages/mt10_control/joy_node.py
/media/entropy/Development/mt10_control/install/mt10_control/lib/python3.10/site-packages/mt10_control/joy_node_jesan.py
/media/entropy/Development/mt10_control/install/mt10_control/lib/python3.10/site-packages/mt10_control/mallet_detect.py
/media/entropy/Development/mt10_control/install/mt10_control/lib/python3.10/site-packages/mt10_control/point_follow.py
/media/entropy/Development/mt10_control/install/mt10_control/lib/python3.10/site-packages/mt10_control/prev_auto.py
/media/entropy/Development/mt10_control/install/mt10_control/lib/python3.10/site-packages/mt10_control/serial_control.py
/media/entropy/Development/mt10_control/install/mt10_control/lib/python3.10/site-packages/mt10_control/smth.py
/media/entropy/Development/mt10_control/install/mt10_control/lib/python3.10/site-packages/mt10_control/test.py
/media/entropy/Development/mt10_control/install/mt10_control/lib/python3.10/site-packages/mt10_control/test_heading.py
/media/entropy/Development/mt10_control/install/mt10_control/lib/python3.10/site-packages/mt10_control/__init__.py
/media/entropy/Development/mt10_control/install/mt10_control/lib/python3.10/site-packages/mt10_control/__pycache__/arcuo_tracker.cpython-310.pyc
/media/entropy/Development/mt10_control/install/mt10_control/lib/python3.10/site-packages/mt10_control/__pycache__/aruco_follower.cpython-310.pyc
/media/entropy/Development/mt10_control/install/mt10_control/lib/python3.10/site-packages/mt10_control/__pycache__/aruco_follower_with_search.cpython-310.pyc
/media/entropy/Development/mt10_control/install/mt10_control/lib/python3.10/site-packages/mt10_control/__pycache__/aruco_tracker.cpython-310.pyc
/media/entropy/Development/mt10_control/install/mt10_control/lib/python3.10/site-packages/mt10_control/__pycache__/ar_fixed.cpython-310.pyc
/media/entropy/Development/mt10_control/install/mt10_control/lib/python3.10/site-packages/mt10_control/__pycache__/ar_with_new_logic.cpython-310.pyc
/media/entropy/Development/mt10_control/install/mt10_control/lib/python3.10/site-packages/mt10_control/__pycache__/autonomous_v1.cpython-310.pyc
/media/entropy/Development/mt10_control/install/mt10_control/lib/python3.10/site-packages/mt10_control/__pycache__/autonomous_v2.cpython-310.pyc
/media/entropy/Development/mt10_control/install/mt10_control/lib/python3.10/site-packages/mt10_control/__pycache__/autonomous_v3.cpython-310.pyc
/media/entropy/Development/mt10_control/install/mt10_control/lib/python3.10/site-packages/mt10_control/__pycache__/auto_v1.cpython-310.pyc
/media/entropy/Development/mt10_control/install/mt10_control/lib/python3.10/site-packages/mt10_control/__pycache__/bottle_detect.cpython-310.pyc
/media/entropy/Development/mt10_control/install/mt10_control/lib/python3.10/site-packages/mt10_control/__pycache__/diff_drive.cpython-310.pyc
/media/entropy/Development/mt10_control/install/mt10_control/lib/python3.10/site-packages/mt10_control/__pycache__/dummy_sbg.cpython-310.pyc
/media/entropy/Development/mt10_control/install/mt10_control/lib/python3.10/site-packages/mt10_control/__pycache__/gps_pub.cpython-310.pyc
/media/entropy/Development/mt10_control/install/mt10_control/lib/python3.10/site-packages/mt10_control/__pycache__/imu_phone_data.cpython-310.pyc
/media/entropy/Development/mt10_control/install/mt10_control/lib/python3.10/site-packages/mt10_control/__pycache__/joy_node.cpython-310.pyc
/media/entropy/Development/mt10_control/install/mt10_control/lib/python3.10/site-packages/mt10_control/__pycache__/joy_node_jesan.cpython-310.pyc
/media/entropy/Development/mt10_control/install/mt10_control/lib/python3.10/site-packages/mt10_control/__pycache__/mallet_detect.cpython-310.pyc
/media/entropy/Development/mt10_control/install/mt10_control/lib/python3.10/site-packages/mt10_control/__pycache__/point_follow.cpython-310.pyc
/media/entropy/Development/mt10_control/install/mt10_control/lib/python3.10/site-packages/mt10_control/__pycache__/prev_auto.cpython-310.pyc
/media/entropy/Development/mt10_control/install/mt10_control/lib/python3.10/site-packages/mt10_control/__pycache__/serial_control.cpython-310.pyc
/media/entropy/Development/mt10_control/install/mt10_control/lib/python3.10/site-packages/mt10_control/__pycache__/smth.cpython-310.pyc
/media/entropy/Development/mt10_control/install/mt10_control/lib/python3.10/site-packages/mt10_control/__pycache__/test.cpython-310.pyc
/media/entropy/Development/mt10_control/install/mt10_control/lib/python3.10/site-packages/mt10_control/__pycache__/test_heading.cpython-310.pyc
/media/entropy/Development/mt10_control/install/mt10_control/lib/python3.10/site-packages/mt10_control/__pycache__/__init__.cpython-310.pyc
/media/entropy/Development/mt10_control/install/mt10_control/share/ament_index/resource_index/packages/mt10_control
/media/entropy/Development/mt10_control/install/mt10_control/share/mt10_control/package.xml
/media/entropy/Development/mt10_control/install/mt10_control/share/mt10_control/launch/autonomous_launch.py
/media/entropy/Development/mt10_control/install/mt10_control/share/mt10_control/launch/mt_diffdrive_launch.py
/media/entropy/Development/mt10_control/install/mt10_control/share/mt10_control/launch/mt_sbg_launch.py
/media/entropy/Development/mt10_control/install/mt10_control/lib/python3.10/site-packages/mt10_control-0.0.0-py3.10.egg-info/dependency_links.txt
/media/entropy/Development/mt10_control/install/mt10_control/lib/python3.10/site-packages/mt10_control-0.0.0-py3.10.egg-info/entry_points.txt
/media/entropy/Development/mt10_control/install/mt10_control/lib/python3.10/site-packages/mt10_control-0.0.0-py3.10.egg-info/PKG-INFO
/media/entropy/Development/mt10_control/install/mt10_control/lib/python3.10/site-packages/mt10_control-0.0.0-py3.10.egg-info/requires.txt
/media/entropy/Development/mt10_control/install/mt10_control/lib/python3.10/site-packages/mt10_control-0.0.0-py3.10.egg-info/SOURCES.txt
/media/entropy/Development/mt10_control/install/mt10_control/lib/python3.10/site-packages/mt10_control-0.0.0-py3.10.egg-info/top_level.txt
/media/entropy/Development/mt10_control/install/mt10_control/lib/python3.10/site-packages/mt10_control-0.0.0-py3.10.egg-info/zip-safe
/media/entropy/Development/mt10_control/install/mt10_control/lib/mt10_control/aruco_new
/media/entropy/Development/mt10_control/install/mt10_control/lib/mt10_control/aruco_tracker
/media/entropy/Development/mt10_control/install/mt10_control/lib/mt10_control/autonomous
/media/entropy/Development/mt10_control/install/mt10_control/lib/mt10_control/bottle
/media/entropy/Development/mt10_control/install/mt10_control/lib/mt10_control/diff_drive
/media/entropy/Development/mt10_control/install/mt10_control/lib/mt10_control/dummy
/media/entropy/Development/mt10_control/install/mt10_control/lib/mt10_control/gps_pub
/media/entropy/Development/mt10_control/install/mt10_control/lib/mt10_control/gps_txt
/media/entropy/Development/mt10_control/install/mt10_control/lib/mt10_control/imu_phone
/media/entropy/Development/mt10_control/install/mt10_control/lib/mt10_control/joy_jesan
/media/entropy/Development/mt10_control/install/mt10_control/lib/mt10_control/joy_node
/media/entropy/Development/mt10_control/install/mt10_control/lib/mt10_control/mallet
/media/entropy/Development/mt10_control/install/mt10_control/lib/mt10_control/point_follower
